<?xml version="1.0" encoding="UTF-8"?>
<!-- Generated by org.testng.reporters.JUnitXMLReporter -->
<testsuite hostname="yaroslav-PC" ignored="0" name="Default test" tests="6" failures="0" timestamp="26 Apr 2017 09:16:56 GMT" time="8.597" errors="0">
  <testcase name="getAllPlanetsTest" time="5.396" classname="swapi.yar.test.PlanetsTest"/>
  <testcase name="statusCodeTest" time="0.473" classname="swapi.yar.test.PlanetsTest"/>
  <testcase name="verifyCountOfPlanets" time="0.473" classname="swapi.yar.test.PlanetsTest"/>
  <testcase name="verifyNameOfPlanetById" time="0.37" classname="swapi.yar.test.PlanetsTest"/>
  <testcase name="verifyNextPageURI" time="0.426" classname="swapi.yar.test.PlanetsTest"/>
  <testcase name="verifyOnlyTenPlanetsReturned" time="0.437" classname="swapi.yar.test.PlanetsTest"/>
</testsuite> <!-- Default test -->
